{
  "0 debug pnpm:scope": {
    "selected": 1
  },
  "1 error pnpm": {
    "code": "ELIFECYCLE",
    "errno": "ENOENT",
    "syscall": "spawn",
    "file": "sh",
    "pkgid": "discord.js-storage@1.0.0",
    "stage": "build",
    "script": "tsc",
    "pkgname": "discord.js-storage",
    "err": {
      "name": "pnpm",
      "message": "discord.js-storage@1.0.0 build: `tsc`\nspawn ENOENT",
      "code": "ELIFECYCLE",
      "stack": "pnpm: discord.js-storage@1.0.0 build: `tsc`\nspawn ENOENT\n    at ChildProcess.<anonymous> (/Users/zomo/.nvm/versions/node/v17.1.0/pnpm-global/5/node_modules/.pnpm/pnpm@7.3.0/node_modules/pnpm/dist/pnpm.cjs:94974:22)\n    at ChildProcess.emit (node:events:390:28)\n    at maybeClose (node:internal/child_process:1062:16)\n    at Process.ChildProcess._handle.onexit (node:internal/child_process:301:5)"
    }
  },
  "2 warn pnpm:global": " Local package.json exists, but node_modules missing, did you mean to install?"
}